<?xml version='1.0' encoding='UTF-8'?>
<testsuite hostname="VIN001" name="com.lightbend.training.scalatrinin.TrainTest" tests="4" errors="0" failures="0" skipped="0" time="0.022" timestamp="2020-06-10T04:17:26">
                     <properties>
      <property name="jline.esc.timeout" value="0"/><property name="java.runtime.name" value="Java(TM) SE Runtime Environment"/><property name="sun.boot.library.path" value="C:\ProgramFiles\Java\jdk1.8.0_221\jre\bin"/><property name="java.vm.version" value="25.221-b11"/><property name="java.vm.vendor" value="Oracle Corporation"/><property name="java.vendor.url" value="http://java.oracle.com/"/><property name="path.separator" value=";"/><property name="jna.loaded" value="true"/><property name="java.vm.name" value="Java HotSpot(TM) 64-Bit Server VM"/><property name="file.encoding.pkg" value="sun.io"/><property name="user.country" value="GB"/><property name="user.script" value=""/><property name="sun.java.launcher" value="SUN_STANDARD"/><property name="sun.os.patch.level" value=""/><property name="jna.nosys" value="true"/><property name="java.vm.specification.name" value="Java Virtual Machine Specification"/><property name="user.dir" value="F:\Projects\scalaProjects\scalabasicssbt\BasicScala"/><property name="java.runtime.version" value="1.8.0_221-b11"/><property name="java.awt.graphicsenv" value="sun.awt.Win32GraphicsEnvironment"/><property name="java.endorsed.dirs" value="C:\ProgramFiles\Java\jdk1.8.0_221\jre\lib\endorsed"/><property name="os.arch" value="amd64"/><property name="java.io.tmpdir" value="C:\Users\vin001\AppData\Local\Temp\"/><property name="line.separator" value="
"/><property name="java.vm.specification.vendor" value="Oracle Corporation"/><property name="log4j.ignoreTCL" value="true"/><property name="user.variant" value=""/><property name="os.name" value="Windows 10"/><property name="sun.jnu.encoding" value="Cp1252"/><property name="jnidispatch.path" value="C:\Users\vin001\AppData\Local\Temp\jna--816433098\jna4788288482479585609.dll"/><property name="java.library.path" value="C:\ProgramFiles\Java\jdk1.8.0_221\bin;C:\WINDOWS\Sun\Java\bin;C:\WINDOWS\system32;C:\WINDOWS;C:\ProgramFiles\Java\jdk1.8.0_221\bin;%jJAVA_HOME%\bin;C:\Program Files (x86)\Common Files\Oracle\Java\javapath;C:\Program Files (x86)\Intel\iCLS Client\;C:\Program Files\Intel\iCLS Client\;C:\WINDOWS\system32;C:\WINDOWS;C:\WINDOWS\System32\Wbem;C:\WINDOWS\System32\WindowsPowerShell\v1.0\;C:\Program Files\Intel\WiFi\bin\;C:\Program Files\Common Files\Intel\WirelessCommon\;C:\Program Files (x86)\NVIDIA Corporation\PhysX\Common;C:\Program Files (x86)\Intel\Intel(R) Management Engine Components\DAL;C:\Program Files\Intel\Intel(R) Management Engine Components\DAL;C:\Program Files (x86)\Intel\Intel(R) Management Engine Components\IPT;C:\Program Files\Intel\Intel(R) Management Engine Components\IPT;C:\ProgramFiles\Git\cmd;C:\ProgramFiles\sbt\bin;C:\ProgramFiles\scala\bin;C:\ProgramFiles\sbt\bin;C:\ProgramFiles\scala\bin;C:\WINDOWS\system32;C:\WINDOWS;C:\WINDOWS\System32\Wbem;C:\WINDOWS\System32\WindowsPowerShell\v1.0\;C:\WINDOWS\System32\OpenSSH\;C:\ProgramData\chocolatey\bin;F:\Programs\apache-zookeeper-3.5.5-bin\apache-zookeeper-3.5.5-bin\bin;F:\Programs\kafka_2.12-2.4.1\bin\windows;F:\Programs\apache-cassandra-3.11.4-bin\apache-cassandra-3.11.4\bin;C:\Python27;C:\Python27\Scripts;F:\Programs\Python38-32;F:\Programs\Python38-32\Scripts;F:\Programs;C:\ProgramFiles\TortoiseGit\bin;C:\Go\bin;C:\Users\vin001\AppData\Local\Microsoft\WindowsApps;C:\Program Files\Intel\WiFi\bin\;C:\Program Files\Common Files\Intel\WirelessCommon\;C:\Users\vin001\go\bin;."/><property name="java.specification.name" value="Java Platform API Specification"/><property name="java.class.version" value="52.0"/><property name="sun.management.compiler" value="HotSpot 64-Bit Tiered Compilers"/><property name="os.version" value="10.0"/><property name="swoval.tmpdir" value="C:\Users\vin001\.sbt\1.0"/><property name="user.home" value="C:\Users\vin001"/><property name="user.timezone" value="America/Cancun"/><property name="java.awt.printerjob" value="sun.awt.windows.WPrinterJob"/><property name="file.encoding" value="Cp1252"/><property name="java.specification.version" value="1.8"/><property name="java.class.path" value="C:\ProgramFiles\sbt\bin\sbt-launch.jar"/><property name="user.name" value="vin001"/><property name="jline.shutdownhook" value="false"/><property name="java.vm.specification.version" value="1.8"/><property name="sun.java.command" value="xsbt.boot.Boot test"/><property name="java.home" value="C:\ProgramFiles\Java\jdk1.8.0_221\jre"/><property name="sun.arch.data.model" value="64"/><property name="user.language" value="en"/><property name="java.specification.vendor" value="Oracle Corporation"/><property name="awt.toolkit" value="sun.awt.windows.WToolkit"/><property name="java.vm.info" value="mixed mode"/><property name="java.version" value="1.8.0_221"/><property name="java.ext.dirs" value="C:\ProgramFiles\Java\jdk1.8.0_221\jre\lib\ext;C:\WINDOWS\Sun\Java\lib\ext"/><property name="sun.boot.class.path" value="C:\ProgramFiles\Java\jdk1.8.0_221\jre\lib\resources.jar;C:\ProgramFiles\Java\jdk1.8.0_221\jre\lib\rt.jar;C:\ProgramFiles\Java\jdk1.8.0_221\jre\lib\sunrsasign.jar;C:\ProgramFiles\Java\jdk1.8.0_221\jre\lib\jsse.jar;C:\ProgramFiles\Java\jdk1.8.0_221\jre\lib\jce.jar;C:\ProgramFiles\Java\jdk1.8.0_221\jre\lib\charsets.jar;C:\ProgramFiles\Java\jdk1.8.0_221\jre\lib\jfr.jar;C:\ProgramFiles\Java\jdk1.8.0_221\jre\classes"/><property name="java.vendor" value="Oracle Corporation"/><property name="sun.stderr.encoding" value="cp437"/><property name="file.separator" value="\"/><property name="java.vendor.url.bug" value="http://bugreport.sun.com/bugreport/"/><property name="sun.io.unicode.encoding" value="UnicodeLittle"/><property name="sun.cpu.endian" value="little"/><property name="sun.stdout.encoding" value="cp437"/><property name="sun.desktop" value="windows"/><property name="sun.cpu.isalist" value="amd64"/>
    </properties>
                     <testcase classname="com.lightbend.training.scalatrinin.TrainTest" name="Create a train with 2 Stations should create the train successfully" time="0.02">
                                                 
                                               </testcase><testcase classname="com.lightbend.training.scalatrinin.TrainTest" name="Create a train with 3 Stations should create the train successfully" time="0.001">
                                                 
                                               </testcase><testcase classname="com.lightbend.training.scalatrinin.TrainTest" name="Create a train with 1 station should Throw an IllegalArgumentException because there is only 1 station and must be at least 2 stations" time="0.0">
                                                 
                                               </testcase><testcase classname="com.lightbend.training.scalatrinin.TrainTest" name="Create a train with 0 station should Throw an IllegalArgumentException because there is only 0 station and must be at least 2 stations" time="0.001">
                                                 
                                               </testcase>
                     <system-out><![CDATA[]]></system-out>
                     <system-err><![CDATA[]]></system-err>
                   </testsuite>